1466988641.732643 client started (17382): socket /tmp/tmux-1000/default, protocol 8
1466988641.732700 on Linux 4.2.0-1-amd64 #1 SMP Debian 4.2.6-1 (2015-11-10); libevent 2.0.21-stable (poll)
1466988641.732740 socket is /tmp/tmux-1000/default
1466988641.732752 trying connect
1466988641.732842 add peer 0x5601de5ce7b0: 6 ((nil))
1466988641.732930 sending message 100 to peer 0x5601de5ce7b0 (4 bytes)
1466988641.732945 sending message 101 to peer 0x5601de5ce7b0 (15 bytes)
1466988641.732955 sending message 102 to peer 0x5601de5ce7b0 (12 bytes)
1466988641.732963 sending message 108 to peer 0x5601de5ce7b0 (23 bytes)
1466988641.732973 sending message 104 to peer 0x5601de5ce7b0 (0 bytes)
1466988641.732982 sending message 107 to peer 0x5601de5ce7b0 (4 bytes)
1466988641.732991 sending message 105 to peer 0x5601de5ce7b0 (23 bytes)
1466988641.732999 sending message 105 to peer 0x5601de5ce7b0 (19 bytes)
1466988641.733008 sending message 105 to peer 0x5601de5ce7b0 (98 bytes)
1466988641.733019 sending message 105 to peer 0x5601de5ce7b0 (19 bytes)
1466988641.733029 sending message 105 to peer 0x5601de5ce7b0 (11 bytes)
1466988641.733037 sending message 105 to peer 0x5601de5ce7b0 (12 bytes)
1466988641.733046 sending message 105 to peer 0x5601de5ce7b0 (14 bytes)
1466988641.733054 sending message 105 to peer 0x5601de5ce7b0 (20 bytes)
1466988641.733062 sending message 105 to peer 0x5601de5ce7b0 (28 bytes)
1466988641.733070 sending message 105 to peer 0x5601de5ce7b0 (19 bytes)
1466988641.733078 sending message 105 to peer 0x5601de5ce7b0 (17 bytes)
1466988641.733086 sending message 105 to peer 0x5601de5ce7b0 (18 bytes)
1466988641.733094 sending message 105 to peer 0x5601de5ce7b0 (21 bytes)
1466988641.733103 sending message 105 to peer 0x5601de5ce7b0 (8 bytes)
1466988641.733111 sending message 105 to peer 0x5601de5ce7b0 (16 bytes)
1466988641.733119 sending message 105 to peer 0x5601de5ce7b0 (32 bytes)
1466988641.733127 sending message 105 to peer 0x5601de5ce7b0 (32 bytes)
1466988641.733135 sending message 105 to peer 0x5601de5ce7b0 (33 bytes)
1466988641.733143 sending message 105 to peer 0x5601de5ce7b0 (21 bytes)
1466988641.733153 sending message 105 to peer 0x5601de5ce7b0 (11 bytes)
1466988641.733163 sending message 105 to peer 0x5601de5ce7b0 (174 bytes)
1466988641.733172 sending message 105 to peer 0x5601de5ce7b0 (27 bytes)
1466988641.733180 sending message 105 to peer 0x5601de5ce7b0 (19 bytes)
1466988641.733188 sending message 105 to peer 0x5601de5ce7b0 (35 bytes)
1466988641.733196 sending message 105 to peer 0x5601de5ce7b0 (15 bytes)
1466988641.733204 sending message 105 to peer 0x5601de5ce7b0 (8 bytes)
1466988641.733213 sending message 105 to peer 0x5601de5ce7b0 (19 bytes)
1466988641.733221 sending message 105 to peer 0x5601de5ce7b0 (47 bytes)
1466988641.733229 sending message 105 to peer 0x5601de5ce7b0 (20 bytes)
1466988641.733237 sending message 105 to peer 0x5601de5ce7b0 (35 bytes)
1466988641.733245 sending message 105 to peer 0x5601de5ce7b0 (14 bytes)
1466988641.733254 sending message 105 to peer 0x5601de5ce7b0 (54 bytes)
1466988641.733262 sending message 105 to peer 0x5601de5ce7b0 (13 bytes)
1466988641.733270 sending message 105 to peer 0x5601de5ce7b0 (12 bytes)
1466988641.733281 sending message 105 to peer 0x5601de5ce7b0 (18 bytes)
1466988641.733290 sending message 105 to peer 0x5601de5ce7b0 (37 bytes)
1466988641.733299 sending message 105 to peer 0x5601de5ce7b0 (23 bytes)
1466988641.733307 sending message 105 to peer 0x5601de5ce7b0 (51 bytes)
1466988641.733315 sending message 105 to peer 0x5601de5ce7b0 (31 bytes)
1466988641.733323 sending message 105 to peer 0x5601de5ce7b0 (15 bytes)
1466988641.733331 sending message 105 to peer 0x5601de5ce7b0 (52 bytes)
1466988641.733339 sending message 105 to peer 0x5601de5ce7b0 (23 bytes)
1466988641.733347 sending message 105 to peer 0x5601de5ce7b0 (17 bytes)
1466988641.733355 sending message 105 to peer 0x5601de5ce7b0 (58 bytes)
1466988641.733363 sending message 105 to peer 0x5601de5ce7b0 (21 bytes)
1466988641.733371 sending message 105 to peer 0x5601de5ce7b0 (11 bytes)
1466988641.733379 sending message 105 to peer 0x5601de5ce7b0 (29 bytes)
1466988641.733397 sending message 105 to peer 0x5601de5ce7b0 (30 bytes)
1466988641.733406 sending message 105 to peer 0x5601de5ce7b0 (16 bytes)
1466988641.733418 sending message 105 to peer 0x5601de5ce7b0 (77 bytes)
1466988641.733427 sending message 105 to peer 0x5601de5ce7b0 (84 bytes)
1466988641.733436 sending message 105 to peer 0x5601de5ce7b0 (25 bytes)
1466988641.733444 sending message 105 to peer 0x5601de5ce7b0 (28 bytes)
1466988641.733452 sending message 105 to peer 0x5601de5ce7b0 (36 bytes)
1466988641.733460 sending message 105 to peer 0x5601de5ce7b0 (19 bytes)
1466988641.733469 sending message 105 to peer 0x5601de5ce7b0 (20 bytes)
1466988641.733477 sending message 105 to peer 0x5601de5ce7b0 (28 bytes)
1466988641.733485 sending message 105 to peer 0x5601de5ce7b0 (20 bytes)
1466988641.733493 sending message 105 to peer 0x5601de5ce7b0 (29 bytes)
1466988641.733501 sending message 105 to peer 0x5601de5ce7b0 (20 bytes)
1466988641.733509 sending message 105 to peer 0x5601de5ce7b0 (14 bytes)
1466988641.733517 sending message 105 to peer 0x5601de5ce7b0 (15 bytes)
1466988641.733525 sending message 105 to peer 0x5601de5ce7b0 (27 bytes)
1466988641.733533 sending message 105 to peer 0x5601de5ce7b0 (18 bytes)
1466988641.733544 sending message 105 to peer 0x5601de5ce7b0 (14 bytes)
1466988641.733553 sending message 105 to peer 0x5601de5ce7b0 (18 bytes)
1466988641.733561 sending message 105 to peer 0x5601de5ce7b0 (20 bytes)
1466988641.733570 sending message 105 to peer 0x5601de5ce7b0 (11 bytes)
1466988641.733578 sending message 105 to peer 0x5601de5ce7b0 (16 bytes)
1466988641.733586 sending message 105 to peer 0x5601de5ce7b0 (15 bytes)
1466988641.733595 sending message 105 to peer 0x5601de5ce7b0 (15 bytes)
1466988641.733603 sending message 105 to peer 0x5601de5ce7b0 (15 bytes)
1466988641.733611 sending message 105 to peer 0x5601de5ce7b0 (23 bytes)
1466988641.733619 sending message 105 to peer 0x5601de5ce7b0 (15 bytes)
1466988641.733627 sending message 105 to peer 0x5601de5ce7b0 (17 bytes)
1466988641.733635 sending message 105 to peer 0x5601de5ce7b0 (9 bytes)
1466988641.733643 sending message 105 to peer 0x5601de5ce7b0 (17 bytes)
1466988641.733651 sending message 105 to peer 0x5601de5ce7b0 (14 bytes)
1466988641.733660 sending message 105 to peer 0x5601de5ce7b0 (18 bytes)
1466988641.733668 sending message 105 to peer 0x5601de5ce7b0 (10 bytes)
1466988641.733697 sending message 105 to peer 0x5601de5ce7b0 (16 bytes)
1466988641.733708 sending message 106 to peer 0x5601de5ce7b0 (0 bytes)
1466988641.733717 sending message 200 to peer 0x5601de5ce7b0 (4 bytes)
1466988641.733726 client loop enter
1466988641.734301 peer 0x5601de5ce7b0 message 211
1466988641.734352 peer 0x5601de5ce7b0 message 203
1466988641.734365 client loop exit
